{
  "MiniTest": {
    "coverage": {
      "/home/teeramoo/AITworks/devops_workshop/facedetection_webapp/app/models/image.rb": [
        1,
        1,
        1,
        1,
        null,
        null
      ],
      "/home/teeramoo/AITworks/devops_workshop/facedetection_webapp/app/models/application_record.rb": [
        1,
        1,
        null,
        1,
        null
      ],
      "/home/teeramoo/AITworks/devops_workshop/facedetection_webapp/app/controllers/images_controller.rb": [
        1,
        1,
        null,
        null,
        null,
        1,
        1,
        null,
        null,
        null,
        null,
        1,
        null,
        null,
        null,
        1,
        1,
        null,
        null,
        1,
        null,
        3,
        null,
        3,
        3,
        null,
        2,
        2,
        null,
        null,
        4,
        2,
        null,
        2,
        1,
        null,
        null,
        null,
        null,
        null,
        null,
        null,
        1,
        1,
        1,
        2,
        1,
        null,
        null,
        null,
        1,
        null,
        1,
        2,
        null,
        null,
        null,
        1,
        3,
        null,
        null,
        1,
        2,
        2,
        2,
        2,
        null,
        null,
        2,
        2,
        null,
        2,
        2,
        2,
        2,
        2,
        2,
        null,
        2,
        null,
        2,
        null,
        2,
        null,
        2,
        1,
        1,
        1,
        1,
        1,
        1,
        null,
        1,
        null,
        1,
        null,
        1,
        1,
        null,
        null,
        null,
        1,
        null,
        1,
        1,
        1,
        null,
        1,
        null,
        1,
        1,
        null,
        1,
        null,
        null,
        1,
        null,
        null,
        null,
        null,
        null,
        null
      ],
      "/home/teeramoo/AITworks/devops_workshop/facedetection_webapp/app/controllers/application_controller.rb": [
        1,
        null
      ],
      "/home/teeramoo/AITworks/devops_workshop/facedetection_webapp/app/helpers/application_helper.rb": [
        1,
        null
      ],
      "/home/teeramoo/AITworks/devops_workshop/facedetection_webapp/app/helpers/faces_helper.rb": [
        1,
        null
      ],
      "/home/teeramoo/AITworks/devops_workshop/facedetection_webapp/app/helpers/images_helper.rb": [
        1,
        null
      ],
      "/home/teeramoo/AITworks/devops_workshop/facedetection_webapp/app/jobs/application_job.rb": [
        0,
        0
      ],
      "/home/teeramoo/AITworks/devops_workshop/facedetection_webapp/app/channels/application_cable/channel.rb": [
        0,
        0,
        0,
        0
      ],
      "/home/teeramoo/AITworks/devops_workshop/facedetection_webapp/app/channels/application_cable/connection.rb": [
        0,
        0,
        0,
        0
      ],
      "/home/teeramoo/AITworks/devops_workshop/facedetection_webapp/app/mailers/application_mailer.rb": [
        0,
        0,
        0,
        0
      ]
    },
    "timestamp": 1557505042
  },
  "Unit Tests": {
    "coverage": {
      "/home/teeramoo/AITworks/devops_workshop/facedetection_webapp/app/jobs/application_job.rb": [
        0,
        0
      ],
      "/home/teeramoo/AITworks/devops_workshop/facedetection_webapp/app/helpers/application_helper.rb": [
        0,
        0
      ],
      "/home/teeramoo/AITworks/devops_workshop/facedetection_webapp/app/helpers/faces_helper.rb": [
        0,
        0
      ],
      "/home/teeramoo/AITworks/devops_workshop/facedetection_webapp/app/helpers/images_helper.rb": [
        0,
        0
      ],
      "/home/teeramoo/AITworks/devops_workshop/facedetection_webapp/app/models/image.rb": [
        0,
        0,
        0,
        0,
        null,
        0
      ],
      "/home/teeramoo/AITworks/devops_workshop/facedetection_webapp/app/models/application_record.rb": [
        0,
        0,
        null,
        0,
        0
      ],
      "/home/teeramoo/AITworks/devops_workshop/facedetection_webapp/app/channels/application_cable/channel.rb": [
        0,
        0,
        0,
        0
      ],
      "/home/teeramoo/AITworks/devops_workshop/facedetection_webapp/app/channels/application_cable/connection.rb": [
        0,
        0,
        0,
        0
      ],
      "/home/teeramoo/AITworks/devops_workshop/facedetection_webapp/app/mailers/application_mailer.rb": [
        0,
        0,
        0,
        0
      ],
      "/home/teeramoo/AITworks/devops_workshop/facedetection_webapp/app/controllers/application_controller.rb": [
        0,
        0
      ],
      "/home/teeramoo/AITworks/devops_workshop/facedetection_webapp/app/controllers/images_controller.rb": [
        0,
        0,
        null,
        null,
        null,
        0,
        0,
        0,
        null,
        null,
        null,
        0,
        0,
        null,
        null,
        0,
        0,
        0,
        null,
        null,
        0,
        0,
        null,
        null,
        null,
        0,
        null,
        null,
        null,
        null,
        null,
        0,
        null,
        0,
        0,
        null,
        0,
        null,
        0,
        0,
        0,
        0,
        0,
        0,
        0,
        0,
        null,
        null,
        null,
        0,
        0,
        0,
        null,
        null,
        0,
        0,
        0,
        0,
        0,
        0,
        0,
        0,
        null,
        null,
        null,
        0,
        0,
        0,
        0,
        0,
        0,
        0,
        null,
        0,
        null,
        0,
        0,
        0,
        null,
        null,
        0,
        0,
        0,
        null,
        0,
        0,
        0,
        0,
        0,
        null,
        null,
        0,
        0,
        null,
        0,
        0,
        0,
        0,
        0,
        0,
        null,
        0,
        null,
        0,
        null,
        0,
        null,
        0,
        0,
        0,
        0,
        0,
        0,
        0,
        null,
        0,
        null,
        0,
        null,
        0,
        0,
        0,
        null,
        null,
        0,
        null,
        0,
        0,
        0,
        null,
        0,
        null,
        0,
        0,
        null,
        0,
        null,
        0,
        0,
        0,
        null,
        null,
        0,
        null,
        0
      ]
    },
    "timestamp": 1557497313
  },
  "RSpec": {
    "coverage": {
      "/home/teeramoo/AITworks/devops_workshop/facedetection_webapp/app/models/image.rb": [
        1,
        1,
        1,
        1,
        null,
        null
      ],
      "/home/teeramoo/AITworks/devops_workshop/facedetection_webapp/app/models/application_record.rb": [
        1,
        1,
        null,
        1,
        null
      ],
      "/home/teeramoo/AITworks/devops_workshop/facedetection_webapp/app/controllers/images_controller.rb": [
        1,
        1,
        null,
        null,
        null,
        1,
        1,
        null,
        null,
        null,
        null,
        1,
        null,
        null,
        null,
        1,
        1,
        null,
        null,
        1,
        null,
        3,
        null,
        3,
        3,
        null,
        2,
        2,
        null,
        null,
        4,
        2,
        null,
        2,
        1,
        null,
        null,
        null,
        null,
        null,
        null,
        null,
        1,
        1,
        1,
        2,
        1,
        null,
        null,
        null,
        1,
        null,
        1,
        2,
        null,
        null,
        null,
        1,
        3,
        null,
        null,
        1,
        2,
        2,
        2,
        2,
        null,
        null,
        2,
        2,
        null,
        2,
        2,
        2,
        2,
        2,
        2,
        null,
        2,
        null,
        2,
        null,
        2,
        null,
        2,
        1,
        1,
        1,
        1,
        1,
        1,
        null,
        1,
        null,
        1,
        null,
        1,
        1,
        null,
        null,
        null,
        1,
        null,
        1,
        1,
        1,
        null,
        1,
        null,
        1,
        1,
        null,
        1,
        null,
        null,
        1,
        null,
        null,
        null,
        null,
        null,
        null
      ],
      "/home/teeramoo/AITworks/devops_workshop/facedetection_webapp/app/controllers/application_controller.rb": [
        1,
        null
      ],
      "/home/teeramoo/AITworks/devops_workshop/facedetection_webapp/app/helpers/application_helper.rb": [
        1,
        null
      ],
      "/home/teeramoo/AITworks/devops_workshop/facedetection_webapp/app/helpers/faces_helper.rb": [
        1,
        null
      ],
      "/home/teeramoo/AITworks/devops_workshop/facedetection_webapp/app/helpers/images_helper.rb": [
        1,
        null
      ]
    },
    "timestamp": 1557511317
  }
}
